[LOG] System::create                           : Header version = 2.02.07. Current version = 2.02.07.
[LOG] Manager::init                            : maxchannels = 256 studioflags = 00000006 flags 00000000 extradriverdata 0000000000000000.
[LOG] SystemI::init                            : Initialize version=20207 (125130), maxchannels=256, flags=0x00020000
[LOG] SystemI::setOutputInternal               : Setting output to 'FMOD WASAPI Output'
[LOG] OutputWASAPI::init                       : Mix Format (WAVEFORMATEX): wFormatTag=0xFFFE, nChannels=2, nSamplesPerSec=48000, nAvgBytesPerSec=384000, nBlockAlign=8, wBitsPerSample=32, cbSize=22.
[LOG] OutputWASAPI::init                       : Mix Format (WAVEFORMATEXTENSIBLE): wValidBitsPerSample=32, dwChannelMask=0x00000003, SubFormat=00000003-0000-0010-8000-00AA00389B71.
[LOG] OutputWASAPI::init                       : Output buffer size: 4096 samples, latency: 0.00ms, period: 10.00ms, DSP buffer: 1024 * 4
[LOG] Thread::initThread                       : Init FMOD stream thread. Affinity: 0x4000000000000003, Priority: 0xFFFF7FFB, Stack Size: 98304, Semaphore: No, Sleep Time: 10, Looping: Yes.
[LOG] Thread::initThread                       : Init FMOD mixer thread. Affinity: 0x4000000000000001, Priority: 0xFFFF7FFA, Stack Size: 81920, Semaphore: No, Sleep Time: 0, Looping: Yes.
[LOG] AsyncManager::init                       : manager 000002027FE5DB18 isAsync 0 updatePeriod 0.02
[LOG] AsyncManager::init                       : done
[LOG] PlaybackSystem::init                     : 
[LOG] Thread::initThread                       : Init FMOD Studio sample load thread. Affinity: 0x4000000000000003, Priority: 0xFFFF7FFD, Stack Size: 98304, Semaphore: No, Sleep Time: 1, Looping: No.
[LOG] PlaybackSystem::init                     : done
[LOG] Thread::initThread                       : Init FMOD Studio bank load thread. Affinity: 0x4000000000000003, Priority: 0xFFFF7FFD, Stack Size: 98304, Semaphore: No, Sleep Time: 1, Looping: No.
[LOG] Manager::init                            : done.
[LOG] Manager::readBank                        : fileversion = 141, compatVersion = 140 (oldest = 44, newest = 142)
[LOG] Manager::readBank                        : fileversion = 141, compatVersion = 140 (oldest = 44, newest = 142)
[LOG] Manager::readBank                        : fileversion = 141, compatVersion = 140 (oldest = 44, newest = 142)
[LOG] Manager::readBank                        : fileversion = 141, compatVersion = 140 (oldest = 44, newest = 142)
[LOG] PlaybackSystem::acquireMasterBus         : Setting master channel group format to 3
[LOG] Manager::readBank                        : fileversion = 141, compatVersion = 140 (oldest = 44, newest = 142)
[LOG] Manager::readBank                        : fileversion = 141, compatVersion = 140 (oldest = 44, newest = 142)
[LOG] SystemI::createSoundInternal             : Create name='', mode=0x02000202
[LOG] SystemI::createSoundInternal             : exinfo->cbsize             = 224
[LOG] SystemI::createSoundInternal             : exinfo->length             = 2325600
[LOG] SystemI::createSoundInternal             : exinfo->fileoffset         = 24505856
[LOG] SystemI::createSoundInternal             : exinfo->numsubsounds       = 1
[LOG] SystemI::createSoundInternal             : exinfo->inclusionlist      = 0000004AFDA8F138
[LOG] SystemI::createSoundInternal             : exinfo->inclusionlistnum   = 1
[LOG] SystemI::createSoundInternal             : exinfo->suggestedsoundtype = 5
[LOG] SystemI::createSoundInternal             : exinfo->useropen           = 00007FFFC06D46D0
[LOG] SystemI::createSoundInternal             : exinfo->userclose          = 00007FFFC06D46A0
[LOG] SystemI::createSoundInternal             : exinfo->userread           = 00007FFFC06D47A0
[LOG] SystemI::createSoundInternal             : exinfo->userseek           = 00007FFFC06D4860
[LOG] SystemI::createSoundInternal             : exinfo->fileuserdata       = 000002022E159D58
[LOG] SystemI::createSoundInternal             : exinfo->initialseekpostype = 1
[LOG] SystemI::DSPCodecPoolRegister            : register codec pool for pool type 5
[LOG] SystemI::createSoundInternal             : Sample 0/1: name='faces on', format=5, channels=2, frequency=48000, lengthbytes=45952, lengthpcm=252000, pcmblocksize=0, loopstart=0, loopend=0, mode=0x00000000, channelmask=0x00000000, channelorder=0, peakvolume=1.000000.
[LOG] SystemI::createSoundInternal             : Create name='', mode=0x02000202
[LOG] SystemI::createSoundInternal             : exinfo->cbsize             = 224
[LOG] SystemI::createSoundInternal             : exinfo->length             = 2325600
[LOG] SystemI::createSoundInternal             : exinfo->fileoffset         = 24505856
[LOG] SystemI::createSoundInternal             : exinfo->numsubsounds       = 1
[LOG] SystemI::createSoundInternal             : exinfo->inclusionlist      = 0000004AFDA8F138
[LOG] SystemI::createSoundInternal             : exinfo->inclusionlistnum   = 1
[LOG] SystemI::createSoundInternal             : exinfo->suggestedsoundtype = 5
[LOG] SystemI::createSoundInternal             : exinfo->useropen           = 00007FFFC06D46D0
[LOG] SystemI::createSoundInternal             : exinfo->userclose          = 00007FFFC06D46A0
[LOG] SystemI::createSoundInternal             : exinfo->userread           = 00007FFFC06D47A0
[LOG] SystemI::createSoundInternal             : exinfo->userseek           = 00007FFFC06D4860
[LOG] SystemI::createSoundInternal             : exinfo->fileuserdata       = 000002022E158EE8
[LOG] SystemI::createSoundInternal             : exinfo->initialseekpostype = 1
[LOG] SystemI::DSPCodecPoolRegister            : register codec pool for pool type 5
[LOG] SystemI::createSoundInternal             : Sample 0/1: name='faces off', format=5, channels=2, frequency=48000, lengthbytes=2240, lengthpcm=14400, pcmblocksize=0, loopstart=0, loopend=0, mode=0x00000000, channelmask=0x00000000, channelorder=0, peakvolume=1.000000.
[LOG] SystemI::createSoundInternal             : Create name='', mode=0x02000202
[LOG] SystemI::createSoundInternal             : exinfo->cbsize             = 224
[LOG] SystemI::createSoundInternal             : exinfo->length             = 2325600
[LOG] SystemI::createSoundInternal             : exinfo->fileoffset         = 24505856
[LOG] SystemI::createSoundInternal             : exinfo->numsubsounds       = 1
[LOG] SystemI::createSoundInternal             : exinfo->inclusionlist      = 0000004AFDA8F138
[LOG] SystemI::createSoundInternal             : exinfo->inclusionlistnum   = 1
[LOG] SystemI::createSoundInternal             : exinfo->suggestedsoundtype = 5
[LOG] SystemI::createSoundInternal             : exinfo->useropen           = 00007FFFC06D46D0
[LOG] SystemI::createSoundInternal             : exinfo->userclose          = 00007FFFC06D46A0
[LOG] SystemI::createSoundInternal             : exinfo->userread           = 00007FFFC06D47A0
[LOG] SystemI::createSoundInternal             : exinfo->userseek           = 00007FFFC06D4860
[LOG] SystemI::createSoundInternal             : exinfo->fileuserdata       = 0000020234F4D1F8
[LOG] SystemI::createSoundInternal             : exinfo->initialseekpostype = 1
[LOG] SystemI::DSPCodecPoolRegister            : register codec pool for pool type 5
[LOG] SystemI::createSoundInternal             : Sample 0/1: name='sight button click 2', format=5, channels=2, frequency=48000, lengthbytes=4032, lengthpcm=13515, pcmblocksize=0, loopstart=0, loopend=0, mode=0x00000000, channelmask=0x00000000, channelorder=0, peakvolume=1.000000.
[LOG] SystemI::createSoundInternal             : Create name='', mode=0x02000202
[LOG] SystemI::createSoundInternal             : exinfo->cbsize             = 224
[LOG] SystemI::createSoundInternal             : exinfo->length             = 2325600
[LOG] SystemI::createSoundInternal             : exinfo->fileoffset         = 24505856
[LOG] SystemI::createSoundInternal             : exinfo->numsubsounds       = 1
[LOG] SystemI::createSoundInternal             : exinfo->inclusionlist      = 0000004AFDA8F138
[LOG] SystemI::createSoundInternal             : exinfo->inclusionlistnum   = 1
[LOG] SystemI::createSoundInternal             : exinfo->suggestedsoundtype = 5
[LOG] SystemI::createSoundInternal             : exinfo->useropen           = 00007FFFC06D46D0
[LOG] SystemI::createSoundInternal             : exinfo->userclose          = 00007FFFC06D46A0
[LOG] SystemI::createSoundInternal             : exinfo->userread           = 00007FFFC06D47A0
[LOG] SystemI::createSoundInternal             : exinfo->userseek           = 00007FFFC06D4860
[LOG] SystemI::createSoundInternal             : exinfo->fileuserdata       = 0000020234F4D1F8
[LOG] SystemI::createSoundInternal             : exinfo->initialseekpostype = 1
[LOG] SystemI::DSPCodecPoolRegister            : register codec pool for pool type 5
[LOG] SystemI::createSoundInternal             : Sample 0/1: name='sight buttonelectronics', format=5, channels=2, frequency=48000, lengthbytes=5120, lengthpcm=28805, pcmblocksize=0, loopstart=0, loopend=0, mode=0x00000000, channelmask=0x00000000, channelorder=0, peakvolume=1.000000.
[LOG] SystemI::createSoundInternal             : Create name='', mode=0x02000202
[LOG] SystemI::createSoundInternal             : exinfo->cbsize             = 224
[LOG] SystemI::createSoundInternal             : exinfo->length             = 2325600
[LOG] SystemI::createSoundInternal             : exinfo->fileoffset         = 24505856
[LOG] SystemI::createSoundInternal             : exinfo->numsubsounds       = 1
[LOG] SystemI::createSoundInternal             : exinfo->inclusionlist      = 0000004AFDA8F138
[LOG] SystemI::createSoundInternal             : exinfo->inclusionlistnum   = 1
[LOG] SystemI::createSoundInternal             : exinfo->suggestedsoundtype = 5
[LOG] SystemI::createSoundInternal             : exinfo->useropen           = 00007FFFC06D46D0
[LOG] SystemI::createSoundInternal             : exinfo->userclose          = 00007FFFC06D46A0
[LOG] SystemI::createSoundInternal             : exinfo->userread           = 00007FFFC06D47A0
[LOG] SystemI::createSoundInternal             : exinfo->userseek           = 00007FFFC06D4860
[LOG] SystemI::createSoundInternal             : exinfo->fileuserdata       = 0000020234F4D1F8
[LOG] SystemI::createSoundInternal             : exinfo->initialseekpostype = 1
[LOG] SystemI::DSPCodecPoolRegister            : register codec pool for pool type 5
[LOG] SystemI::createSoundInternal             : Sample 0/1: name='sight button click 1', format=5, channels=2, frequency=48000, lengthbytes=4352, lengthpcm=14400, pcmblocksize=0, loopstart=0, loopend=0, mode=0x00000000, channelmask=0x00000000, channelorder=0, peakvolume=1.000000.
[LOG] SystemI::createSoundInternal             : Create name='', mode=0x02000202
[LOG] SystemI::createSoundInternal             : exinfo->cbsize             = 224
[LOG] SystemI::createSoundInternal             : exinfo->length             = 2325600
[LOG] SystemI::createSoundInternal             : exinfo->fileoffset         = 24505856
[LOG] SystemI::createSoundInternal             : exinfo->numsubsounds       = 1
[LOG] SystemI::createSoundInternal             : exinfo->inclusionlist      = 0000004AFDA8F138
[LOG] SystemI::createSoundInternal             : exinfo->inclusionlistnum   = 1
[LOG] SystemI::createSoundInternal             : exinfo->suggestedsoundtype = 5
[LOG] SystemI::createSoundInternal             : exinfo->useropen           = 00007FFFC06D46D0
[LOG] SystemI::createSoundInternal             : exinfo->userclose          = 00007FFFC06D46A0
[LOG] SystemI::createSoundInternal             : exinfo->userread           = 00007FFFC06D47A0
[LOG] SystemI::createSoundInternal             : exinfo->userseek           = 00007FFFC06D4860
[LOG] SystemI::createSoundInternal             : exinfo->fileuserdata       = 0000020234F52478
[LOG] SystemI::createSoundInternal             : exinfo->initialseekpostype = 1
[LOG] SystemI::DSPCodecPoolRegister            : register codec pool for pool type 5
[LOG] SystemI::createSoundInternal             : Sample 0/1: name='reticle arm locking in plac 5-mechanical, metal_safe_latch_and_buttons [2022-09-01 231600] (Freeze)', format=5, channels=2, frequency=48000, lengthbytes=3328, lengthpcm=24000, pcmblocksize=0, loopstart=0, loopend=0, mode=0x00000000, channelmask=0x00000000, channelorder=0, peakvolume=1.000000.
[LOG] SystemI::createSoundInternal             : Create name='', mode=0x02000202
[LOG] SystemI::createSoundInternal             : exinfo->cbsize             = 224
[LOG] SystemI::createSoundInternal             : exinfo->length             = 2325600
[LOG] SystemI::createSoundInternal             : exinfo->fileoffset         = 24505856
[LOG] SystemI::createSoundInternal             : exinfo->numsubsounds       = 1
[LOG] SystemI::createSoundInternal             : exinfo->inclusionlist      = 0000004AFDA8F138
[LOG] SystemI::createSoundInternal             : exinfo->inclusionlistnum   = 1
[LOG] SystemI::createSoundInternal             : exinfo->suggestedsoundtype = 5
[LOG] SystemI::createSoundInternal             : exinfo->useropen           = 00007FFFC06D46D0
[LOG] SystemI::createSoundInternal             : exinfo->userclose          = 00007FFFC06D46A0
[LOG] SystemI::createSoundInternal             : exinfo->userread           = 00007FFFC06D47A0
[LOG] SystemI::createSoundInternal             : exinfo->userseek           = 00007FFFC06D4860
[LOG] SystemI::createSoundInternal             : exinfo->fileuserdata       = 0000020234F52478
[LOG] SystemI::createSoundInternal             : exinfo->initialseekpostype = 1
[LOG] SystemI::DSPCodecPoolRegister            : register codec pool for pool type 5
[LOG] SystemI::createSoundInternal             : Sample 0/1: name='reticle arm locking in plac 8-mechanical, metal_safe_latch_and_buttons [2022-09-01 231643] (Freeze)', format=5, channels=2, frequency=48000, lengthbytes=3232, lengthpcm=24000, pcmblocksize=0, loopstart=0, loopend=0, mode=0x00000000, channelmask=0x00000000, channelorder=0, peakvolume=1.000000.
[LOG] SystemI::createSoundInternal             : Create name='', mode=0x02000202
[LOG] SystemI::createSoundInternal             : exinfo->cbsize             = 224
[LOG] SystemI::createSoundInternal             : exinfo->length             = 2325600
[LOG] SystemI::createSoundInternal             : exinfo->fileoffset         = 24505856
[LOG] SystemI::createSoundInternal             : exinfo->numsubsounds       = 1
[LOG] SystemI::createSoundInternal             : exinfo->inclusionlist      = 0000004AFDA8F138
[LOG] SystemI::createSoundInternal             : exinfo->inclusionlistnum   = 1
[LOG] SystemI::createSoundInternal             : exinfo->suggestedsoundtype = 5
[LOG] SystemI::createSoundInternal             : exinfo->useropen           = 00007FFFC06D46D0
[LOG] SystemI::createSoundInternal             : exinfo->userclose          = 00007FFFC06D46A0
[LOG] SystemI::createSoundInternal             : exinfo->userread           = 00007FFFC06D47A0
[LOG] SystemI::createSoundInternal             : exinfo->userseek           = 00007FFFC06D4860
[LOG] SystemI::createSoundInternal             : exinfo->fileuserdata       = 0000020234F52478
[LOG] SystemI::createSoundInternal             : exinfo->initialseekpostype = 1
[LOG] SystemI::DSPCodecPoolRegister            : register codec pool for pool type 5
[LOG] SystemI::createSoundInternal             : Sample 0/1: name='reticle arm locking in plac 2-mechanical, metal_safe_latch_and_buttons [2022-09-01 231804] (Freeze)', format=5, channels=2, frequency=48000, lengthbytes=2464, lengthpcm=24000, pcmblocksize=0, loopstart=0, loopend=0, mode=0x00000000, channelmask=0x00000000, channelorder=0, peakvolume=1.000000.
[LOG] SystemI::createSoundInternal             : Create name='', mode=0x02000202
[LOG] SystemI::createSoundInternal             : exinfo->cbsize             = 224
[LOG] SystemI::createSoundInternal             : exinfo->length             = 2325600
[LOG] SystemI::createSoundInternal             : exinfo->fileoffset         = 24505856
[LOG] SystemI::createSoundInternal             : exinfo->numsubsounds       = 1
[LOG] SystemI::createSoundInternal             : exinfo->inclusionlist      = 0000004AFDA8F138
[LOG] SystemI::createSoundInternal             : exinfo->inclusionlistnum   = 1
[LOG] SystemI::createSoundInternal             : exinfo->suggestedsoundtype = 5
[LOG] SystemI::createSoundInternal             : exinfo->useropen           = 00007FFFC06D46D0
[LOG] SystemI::createSoundInternal             : exinfo->userclose          = 00007FFFC06D46A0
[LOG] SystemI::createSoundInternal             : exinfo->userread           = 00007FFFC06D47A0
[LOG] SystemI::createSoundInternal             : exinfo->userseek           = 00007FFFC06D4860
[LOG] SystemI::createSoundInternal             : exinfo->fileuserdata       = 0000020234F52478
[LOG] SystemI::createSoundInternal             : exinfo->initialseekpostype = 1
[LOG] SystemI::DSPCodecPoolRegister            : register codec pool for pool type 5
[LOG] SystemI::createSoundInternal             : Sample 0/1: name='reticle arm locking in plac 3-mechanical, metal_safe_latch_and_buttons [2022-09-01 231554] (Freeze)', format=5, channels=2, frequency=48000, lengthbytes=2656, lengthpcm=24000, pcmblocksize=0, loopstart=0, loopend=0, mode=0x00000000, channelmask=0x00000000, channelorder=0, peakvolume=1.000000.
[LOG] SystemI::createSoundInternal             : Create name='', mode=0x02000202
[LOG] SystemI::createSoundInternal             : exinfo->cbsize             = 224
[LOG] SystemI::createSoundInternal             : exinfo->length             = 2325600
[LOG] SystemI::createSoundInternal             : exinfo->fileoffset         = 24505856
[LOG] SystemI::createSoundInternal             : exinfo->numsubsounds       = 1
[LOG] SystemI::createSoundInternal             : exinfo->inclusionlist      = 0000004AFDA8F138
[LOG] SystemI::createSoundInternal             : exinfo->inclusionlistnum   = 1
[LOG] SystemI::createSoundInternal             : exinfo->suggestedsoundtype = 5
[LOG] SystemI::createSoundInternal             : exinfo->useropen           = 00007FFFC06D46D0
[LOG] SystemI::createSoundInternal             : exinfo->userclose          = 00007FFFC06D46A0
[LOG] SystemI::createSoundInternal             : exinfo->userread           = 00007FFFC06D47A0
[LOG] SystemI::createSoundInternal             : exinfo->userseek           = 00007FFFC06D4860
[LOG] SystemI::createSoundInternal             : exinfo->fileuserdata       = 0000020234F52478
[LOG] SystemI::createSoundInternal             : exinfo->initialseekpostype = 1
[LOG] SystemI::DSPCodecPoolRegister            : register codec pool for pool type 5
[LOG] SystemI::createSoundInternal             : Sample 0/1: name='reticle arm locking in plac 7-mechanical, metal_safe_latch_and_buttons [2022-09-01 231648] (Freeze)', format=5, channels=2, frequency=48000, lengthbytes=3168, lengthpcm=24000, pcmblocksize=0, loopstart=0, loopend=0, mode=0x00000000, channelmask=0x00000000, channelorder=0, peakvolume=1.000000.
[LOG] SystemI::createSoundInternal             : Create name='', mode=0x02000202
[LOG] SystemI::createSoundInternal             : exinfo->cbsize             = 224
[LOG] SystemI::createSoundInternal             : exinfo->length             = 2325600
[LOG] SystemI::createSoundInternal             : exinfo->fileoffset         = 24505856
[LOG] SystemI::createSoundInternal             : exinfo->numsubsounds       = 1
[LOG] SystemI::createSoundInternal             : exinfo->inclusionlist      = 0000004AFDA8F138
[LOG] SystemI::createSoundInternal             : exinfo->inclusionlistnum   = 1
[LOG] SystemI::createSoundInternal             : exinfo->suggestedsoundtype = 5
[LOG] SystemI::createSoundInternal             : exinfo->useropen           = 00007FFFC06D46D0
[LOG] SystemI::createSoundInternal             : exinfo->userclose          = 00007FFFC06D46A0
[LOG] SystemI::createSoundInternal             : exinfo->userread           = 00007FFFC06D47A0
[LOG] SystemI::createSoundInternal             : exinfo->userseek           = 00007FFFC06D4860
[LOG] SystemI::createSoundInternal             : exinfo->fileuserdata       = 0000020234F52478
[LOG] SystemI::createSoundInternal             : exinfo->initialseekpostype = 1
[LOG] SystemI::DSPCodecPoolRegister            : register codec pool for pool type 5
[LOG] SystemI::createSoundInternal             : Sample 0/1: name='reticle arm locking in plac 4-mechanical, metal_safe_latch_and_buttons [2022-09-01 231551] (Freeze)', format=5, channels=2, frequency=48000, lengthbytes=2944, lengthpcm=24000, pcmblocksize=0, loopstart=0, loopend=0, mode=0x00000000, channelmask=0x00000000, channelorder=0, peakvolume=1.000000.
[LOG] SystemI::createSoundInternal             : Create name='', mode=0x02000202
[LOG] SystemI::createSoundInternal             : exinfo->cbsize             = 224
[LOG] SystemI::createSoundInternal             : exinfo->length             = 2325600
[LOG] SystemI::createSoundInternal             : exinfo->fileoffset         = 24505856
[LOG] SystemI::createSoundInternal             : exinfo->numsubsounds       = 1
[LOG] SystemI::createSoundInternal             : exinfo->inclusionlist      = 0000004AFDA8F138
[LOG] SystemI::createSoundInternal             : exinfo->inclusionlistnum   = 1
[LOG] SystemI::createSoundInternal             : exinfo->suggestedsoundtype = 5
[LOG] SystemI::createSoundInternal             : exinfo->useropen           = 00007FFFC06D46D0
[LOG] SystemI::createSoundInternal             : exinfo->userclose          = 00007FFFC06D46A0
[LOG] SystemI::createSoundInternal             : exinfo->userread           = 00007FFFC06D47A0
[LOG] SystemI::createSoundInternal             : exinfo->userseek           = 00007FFFC06D4860
[LOG] SystemI::createSoundInternal             : exinfo->fileuserdata       = 0000020234F52478
[LOG] SystemI::createSoundInternal             : exinfo->initialseekpostype = 1
[LOG] SystemI::DSPCodecPoolRegister            : register codec pool for pool type 5
[LOG] SystemI::createSoundInternal             : Sample 0/1: name='reticle arm locking in plac 6-mechanical, metal_safe_latch_and_buttons [2022-09-01 231702] (Freeze)', format=5, channels=2, frequency=48000, lengthbytes=2624, lengthpcm=24000, pcmblocksize=0, loopstart=0, loopend=0, mode=0x00000000, channelmask=0x00000000, channelorder=0, peakvolume=1.000000.
[LOG] SystemI::createSoundInternal             : Create name='', mode=0x02000202
[LOG] SystemI::createSoundInternal             : exinfo->cbsize             = 224
[LOG] SystemI::createSoundInternal             : exinfo->length             = 2325600
[LOG] SystemI::createSoundInternal             : exinfo->fileoffset         = 24505856
[LOG] SystemI::createSoundInternal             : exinfo->numsubsounds       = 1
[LOG] SystemI::createSoundInternal             : exinfo->inclusionlist      = 0000004AFDA8F138
[LOG] SystemI::createSoundInternal             : exinfo->inclusionlistnum   = 1
[LOG] SystemI::createSoundInternal             : exinfo->suggestedsoundtype = 5
[LOG] SystemI::createSoundInternal             : exinfo->useropen           = 00007FFFC06D46D0
[LOG] SystemI::createSoundInternal             : exinfo->userclose          = 00007FFFC06D46A0
[LOG] SystemI::createSoundInternal             : exinfo->userread           = 00007FFFC06D47A0
[LOG] SystemI::createSoundInternal             : exinfo->userseek           = 00007FFFC06D4860
[LOG] SystemI::createSoundInternal             : exinfo->fileuserdata       = 0000020234F52478
[LOG] SystemI::createSoundInternal             : exinfo->initialseekpostype = 1
[LOG] SystemI::DSPCodecPoolRegister            : register codec pool for pool type 5
[LOG] SystemI::createSoundInternal             : Sample 0/1: name='reticle arm moving', format=5, channels=2, frequency=48000, lengthbytes=23552, lengthpcm=144000, pcmblocksize=0, loopstart=0, loopend=0, mode=0x00000000, channelmask=0x00000000, channelorder=0, peakvolume=1.000000.
[LOG] SystemI::createSoundInternal             : Create name='', mode=0x02000202
[LOG] SystemI::createSoundInternal             : exinfo->cbsize             = 224
[LOG] SystemI::createSoundInternal             : exinfo->length             = 2325600
[LOG] SystemI::createSoundInternal             : exinfo->fileoffset         = 24505856
[LOG] SystemI::createSoundInternal             : exinfo->numsubsounds       = 1
[LOG] SystemI::createSoundInternal             : exinfo->inclusionlist      = 0000004AFDA8F138
[LOG] SystemI::createSoundInternal             : exinfo->inclusionlistnum   = 1
[LOG] SystemI::createSoundInternal             : exinfo->suggestedsoundtype = 5
[LOG] SystemI::createSoundInternal             : exinfo->useropen           = 00007FFFC06D46D0
[LOG] SystemI::createSoundInternal             : exinfo->userclose          = 00007FFFC06D46A0
[LOG] SystemI::createSoundInternal             : exinfo->userread           = 00007FFFC06D47A0
[LOG] SystemI::createSoundInternal             : exinfo->userseek           = 00007FFFC06D4860
[LOG] SystemI::createSoundInternal             : exinfo->fileuserdata       = 0000020234F4F718
[LOG] SystemI::createSoundInternal             : exinfo->initialseekpostype = 1
[LOG] SystemI::DSPCodecPoolRegister            : register codec pool for pool type 5
[LOG] SystemI::createSoundInternal             : Sample 0/1: name='arm button clicl', format=5, channels=2, frequency=48000, lengthbytes=4160, lengthpcm=39600, pcmblocksize=0, loopstart=0, loopend=0, mode=0x00000000, channelmask=0x00000000, channelorder=0, peakvolume=1.000000.
[LOG] SystemI::createSoundInternal             : Create name='', mode=0x02000202
[LOG] SystemI::createSoundInternal             : exinfo->cbsize             = 224
[LOG] SystemI::createSoundInternal             : exinfo->length             = 2325600
[LOG] SystemI::createSoundInternal             : exinfo->fileoffset         = 24505856
[LOG] SystemI::createSoundInternal             : exinfo->numsubsounds       = 1
[LOG] SystemI::createSoundInternal             : exinfo->inclusionlist      = 0000004AFDA8F138
[LOG] SystemI::createSoundInternal             : exinfo->inclusionlistnum   = 1
[LOG] SystemI::createSoundInternal             : exinfo->suggestedsoundtype = 5
[LOG] SystemI::createSoundInternal             : exinfo->useropen           = 00007FFFC06D46D0
[LOG] SystemI::createSoundInternal             : exinfo->userclose          = 00007FFFC06D46A0
[LOG] SystemI::createSoundInternal             : exinfo->userread           = 00007FFFC06D47A0
[LOG] SystemI::createSoundInternal             : exinfo->userseek           = 00007FFFC06D4860
[LOG] SystemI::createSoundInternal             : exinfo->fileuserdata       = 0000020234F4F718
[LOG] SystemI::createSoundInternal             : exinfo->initialseekpostype = 1
[LOG] SystemI::DSPCodecPoolRegister            : register codec pool for pool type 5
[LOG] SystemI::createSoundInternal             : Sample 0/1: name='arm buttonelectronics', format=5, channels=2, frequency=48000, lengthbytes=8320, lengthpcm=43205, pcmblocksize=0, loopstart=0, loopend=0, mode=0x00000000, channelmask=0x00000000, channelorder=0, peakvolume=1.000000.
[LOG] SystemI::createSoundInternal             : Create name='', mode=0x02000202
[LOG] SystemI::createSoundInternal             : exinfo->cbsize             = 224
[LOG] SystemI::createSoundInternal             : exinfo->length             = 2325600
[LOG] SystemI::createSoundInternal             : exinfo->fileoffset         = 24505856
[LOG] SystemI::createSoundInternal             : exinfo->numsubsounds       = 1
[LOG] SystemI::createSoundInternal             : exinfo->inclusionlist      = 0000004AFDA8F138
[LOG] SystemI::createSoundInternal             : exinfo->inclusionlistnum   = 1
[LOG] SystemI::createSoundInternal             : exinfo->suggestedsoundtype = 5
[LOG] SystemI::createSoundInternal             : exinfo->useropen           = 00007FFFC06D46D0
[LOG] SystemI::createSoundInternal             : exinfo->userclose          = 00007FFFC06D46A0
[LOG] SystemI::createSoundInternal             : exinfo->userread           = 00007FFFC06D47A0
[LOG] SystemI::createSoundInternal             : exinfo->userseek           = 00007FFFC06D4860
[LOG] SystemI::createSoundInternal             : exinfo->fileuserdata       = 0000020234F51818
[LOG] SystemI::createSoundInternal             : exinfo->initialseekpostype = 1
[LOG] SystemI::DSPCodecPoolRegister            : register codec pool for pool type 5
[LOG] SystemI::createSoundInternal             : Sample 0/1: name='Cannon Moving', format=5, channels=2, frequency=48000, lengthbytes=32192, lengthpcm=288000, pcmblocksize=0, loopstart=0, loopend=0, mode=0x00000000, channelmask=0x00000000, channelorder=0, peakvolume=1.000000.
[LOG] SystemI::createSoundInternal             : Create name='', mode=0x02000202
[LOG] SystemI::createSoundInternal             : exinfo->cbsize             = 224
[LOG] SystemI::createSoundInternal             : exinfo->length             = 2325600
[LOG] SystemI::createSoundInternal             : exinfo->fileoffset         = 24505856
[LOG] SystemI::createSoundInternal             : exinfo->numsubsounds       = 1
[LOG] SystemI::createSoundInternal             : exinfo->inclusionlist      = 0000004AFDA8F138
[LOG] SystemI::createSoundInternal             : exinfo->inclusionlistnum   = 1
[LOG] SystemI::createSoundInternal             : exinfo->suggestedsoundtype = 5
[LOG] SystemI::createSoundInternal             : exinfo->useropen           = 00007FFFC06D46D0
[LOG] SystemI::createSoundInternal             : exinfo->userclose          = 00007FFFC06D46A0
[LOG] SystemI::createSoundInternal             : exinfo->userread           = 00007FFFC06D47A0
[LOG] SystemI::createSoundInternal             : exinfo->userseek           = 00007FFFC06D4860
[LOG] SystemI::createSoundInternal             : exinfo->fileuserdata       = 00000200EFDE0CF8
[LOG] SystemI::createSoundInternal             : exinfo->initialseekpostype = 1
[LOG] SystemI::DSPCodecPoolRegister            : register codec pool for pool type 5
[LOG] SystemI::createSoundInternal             : Sample 0/1: name='cannon stop', format=5, channels=2, frequency=48000, lengthbytes=1024, lengthpcm=57600, pcmblocksize=0, loopstart=0, loopend=0, mode=0x00000000, channelmask=0x00000000, channelorder=0, peakvolume=1.000000.
[LOG] SoundI::release                          : low rain (00000202600D8C48)
[LOG] SoundI::release                          :     low rain (00000202659A23B8)
[LOG] SoundI::release                          :     low rain (00000202951A6988)
[LOG] SoundI::release                          : high middle window (00000202600D8A98)
[LOG] SoundI::release                          :     high middle window (00000202659A2A38)
[LOG] SoundI::release                          :     high middle window (00000202951A6118)
[LOG] SoundI::release                          : mid rain (00000202600D8FA8)
[LOG] SoundI::release                          :     mid rain (00000202659A1D38)
[LOG] SoundI::release                          :     mid rain (00000202951A5C08)
[LOG] SoundI::release                          : fan, constant noise (00000200EA61B058)
[LOG] SoundI::release                          :     fan, constant noise (0000020228EF7AB8)
[LOG] SoundI::release                          :     fan, constant noise (00000202951A56F8)
[LOG] SoundI::release                          : fan, angular (00000200EA61ACF8)
[LOG] SoundI::release                          :     fan, angular (00000202659A3258)
[LOG] SoundI::release                          :     fan, angular (00000202951A6478)
[LOG] SoundI::release                          : high middle window (00000202600D9308)
[LOG] SoundI::release                          :     high middle window (00000202659A2D78)
[LOG] SoundI::release                          :     high middle window (00000202951A5038)
[LOG] SoundI::release                          : high middle window (00000202600D9158)
[LOG] SoundI::release                          :     high middle window (00000202659A30B8)
[LOG] SoundI::release                          :     high middle window (00000202951A5A58)
[LOG] SoundI::release                          : mech room tone (00000202600D88E8)
[LOG] SoundI::release                          :     mech room tone (00000202659A4DF8)
[LOG] SoundI::release                          :     mech room tone (00000202951A58A8)
[LOG] SoundI::release                          :  (0000020235B1D8A8)
[LOG] SoundI::release                          :     sight button click 1 (000002025707C488)
[LOG] SoundI::release                          :  (0000020235B1D008)
[LOG] SoundI::release                          :     sight button click 2 (000002025707ADC8)
[LOG] SoundI::release                          :  (0000020235B20538)
[LOG] SoundI::release                          :     sight buttonelectronics (000002025707A0C8)
[LOG] SoundI::release                          :  (0000020235B1EB58)
[LOG] SoundI::release                          :     Cannon Moving (00000200EEAAD9A8)
[LOG] SoundI::release                          :  (0000020235B1BD58)
[LOG] SoundI::release                          :     arm buttonelectronics (00000200EEAACCA8)
[LOG] SoundI::release                          :  (0000020235B1DCF8)
[LOG] SoundI::release                          :     arm button clicl (000002025707C148)
[LOG] SoundI::release                          :  (0000020235B1C318)
[LOG] SoundI::release                          :     reticle arm moving (000002025707A8E8)
[LOG] SoundI::release                          :  (0000020235B1B4B8)
[LOG] SoundI::release                          :     reticle arm locking in plac 2-mechanical, metal_safe_latch_and_buttons [2022-09-01 231804] (Freeze) (0000020257079708)
[LOG] SoundI::release                          :  (0000020235B203C8)
[LOG] SoundI::release                          :     reticle arm locking in plac 3-mechanical, metal_safe_latch_and_buttons [2022-09-01 231554] (Freeze) (00000202570798A8)
[LOG] SoundI::release                          :  (0000020235B1C5F8)
[LOG] SoundI::release                          :     reticle arm locking in plac 4-mechanical, metal_safe_latch_and_buttons [2022-09-01 231551] (Freeze) (000002025707A268)
[LOG] SoundI::release                          :  (0000020235B1FB28)
[LOG] SoundI::release                          :     reticle arm locking in plac 5-mechanical, metal_safe_latch_and_buttons [2022-09-01 231600] (Freeze) (000002025707D4C8)
[LOG] SoundI::release                          :  (0000020235B1D2E8)
[LOG] SoundI::release                          :     reticle arm locking in plac 6-mechanical, metal_safe_latch_and_buttons [2022-09-01 231702] (Freeze) (000002025707A748)
[LOG] SoundI::release                          :  (0000020235B1F288)
[LOG] SoundI::release                          :     reticle arm locking in plac 7-mechanical, metal_safe_latch_and_buttons [2022-09-01 231648] (Freeze) (000002025707AA88)
[LOG] SoundI::release                          :  (0000020235B1E9E8)
[LOG] SoundI::release                          :     reticle arm locking in plac 8-mechanical, metal_safe_latch_and_buttons [2022-09-01 231643] (Freeze) (000002025707B108)
[LOG] SoundI::release                          :  (00000202356FCC48)
[LOG] SoundI::release                          :     cannon stop (00000200EA394128)
[LOG] SoundI::release                          :  (000001FEE6D12B28)
[LOG] SoundI::release                          :     faces off (000002027BC39328)
[LOG] SoundI::release                          :  (000001FEE6D12E08)
[LOG] SoundI::release                          :     faces on (000002027BC38FE8)
[LOG] Thread::callback                         : FMOD Studio update thread finished.
[LOG] Thread::callback                         : FMOD Studio bank load thread finished.
[LOG] Profile::disconnectAll                   : Profiler disconnecting all clients
[LOG] Thread::callback                         : FMOD Studio sample load thread finished.
[LOG] LiveUpdate::release                      : 
[LOG] LiveUpdate::reset                        : Reset connection (reason Disconnected)
[LOG] Thread::callback                         : FMOD stream thread finished.
[LOG] Thread::callback                         : FMOD mixer thread finished.
[LOG] Profile::disconnectAll                   : Profiler disconnecting all clients
[LOG] SystemI::close                           : Closed.
